2024-12-20 09:44:30,615 [INFO] test8.py:59 - TesseractOCR initialized successfully
2024-12-20 09:44:43,419 [DEBUG] test8.py:432 - Frame preprocessing completed successfully
2024-12-20 09:44:43,419 [ERROR] test8.py:403 - Text detection error: 'UnifiedScannerApp' object has no attribute 'ocr'
2024-12-20 09:44:43,825 [DEBUG] test8.py:432 - Frame preprocessing completed successfully
2024-12-20 09:44:43,825 [ERROR] test8.py:403 - Text detection error: 'UnifiedScannerApp' object has no attribute 'ocr'
2024-12-20 09:44:44,438 [DEBUG] test8.py:432 - Frame preprocessing completed successfully
2024-12-20 09:44:44,438 [ERROR] test8.py:403 - Text detection error: 'UnifiedScannerApp' object has no attribute 'ocr'
2024-12-20 09:44:45,029 [DEBUG] test8.py:432 - Frame preprocessing completed successfully
2024-12-20 09:44:45,029 [ERROR] test8.py:403 - Text detection error: 'UnifiedScannerApp' object has no attribute 'ocr'
2024-12-20 09:44:45,237 [DEBUG] test8.py:432 - Frame preprocessing completed successfully
2024-12-20 09:44:45,239 [ERROR] test8.py:403 - Text detection error: 'UnifiedScannerApp' object has no attribute 'ocr'
2024-12-20 09:44:45,428 [DEBUG] test8.py:432 - Frame preprocessing completed successfully
2024-12-20 09:44:45,428 [ERROR] test8.py:403 - Text detection error: 'UnifiedScannerApp' object has no attribute 'ocr'
2024-12-20 09:44:45,640 [DEBUG] test8.py:432 - Frame preprocessing completed successfully
2024-12-20 09:44:45,640 [ERROR] test8.py:403 - Text detection error: 'UnifiedScannerApp' object has no attribute 'ocr'
2024-12-20 09:44:45,843 [DEBUG] test8.py:432 - Frame preprocessing completed successfully
2024-12-20 09:44:45,843 [ERROR] test8.py:403 - Text detection error: 'UnifiedScannerApp' object has no attribute 'ocr'
2024-12-20 09:44:46,050 [DEBUG] test8.py:432 - Frame preprocessing completed successfully
2024-12-20 09:44:46,050 [ERROR] test8.py:403 - Text detection error: 'UnifiedScannerApp' object has no attribute 'ocr'
2024-12-20 09:44:46,241 [DEBUG] test8.py:432 - Frame preprocessing completed successfully
2024-12-20 09:44:46,241 [ERROR] test8.py:403 - Text detection error: 'UnifiedScannerApp' object has no attribute 'ocr'
2024-12-20 09:44:46,478 [DEBUG] test8.py:432 - Frame preprocessing completed successfully
2024-12-20 09:44:46,478 [ERROR] test8.py:403 - Text detection error: 'UnifiedScannerApp' object has no attribute 'ocr'
2024-12-20 09:44:46,668 [DEBUG] test8.py:432 - Frame preprocessing completed successfully
2024-12-20 09:44:46,668 [ERROR] test8.py:403 - Text detection error: 'UnifiedScannerApp' object has no attribute 'ocr'
2024-12-20 09:44:46,874 [DEBUG] test8.py:432 - Frame preprocessing completed successfully
2024-12-20 09:44:46,874 [ERROR] test8.py:403 - Text detection error: 'UnifiedScannerApp' object has no attribute 'ocr'
2024-12-20 09:44:47,081 [DEBUG] test8.py:432 - Frame preprocessing completed successfully
2024-12-20 09:44:47,081 [ERROR] test8.py:403 - Text detection error: 'UnifiedScannerApp' object has no attribute 'ocr'
2024-12-20 09:44:47,319 [DEBUG] test8.py:432 - Frame preprocessing completed successfully
2024-12-20 09:44:47,319 [ERROR] test8.py:403 - Text detection error: 'UnifiedScannerApp' object has no attribute 'ocr'
2024-12-20 09:44:47,544 [DEBUG] test8.py:432 - Frame preprocessing completed successfully
2024-12-20 09:44:47,544 [ERROR] test8.py:403 - Text detection error: 'UnifiedScannerApp' object has no attribute 'ocr'
2024-12-20 09:44:47,749 [DEBUG] test8.py:432 - Frame preprocessing completed successfully
2024-12-20 09:44:47,749 [ERROR] test8.py:403 - Text detection error: 'UnifiedScannerApp' object has no attribute 'ocr'
2024-12-20 09:44:47,956 [DEBUG] test8.py:432 - Frame preprocessing completed successfully
2024-12-20 09:44:47,956 [ERROR] test8.py:403 - Text detection error: 'UnifiedScannerApp' object has no attribute 'ocr'
2024-12-20 09:44:48,162 [DEBUG] test8.py:432 - Frame preprocessing completed successfully
2024-12-20 09:44:48,162 [ERROR] test8.py:403 - Text detection error: 'UnifiedScannerApp' object has no attribute 'ocr'
2024-12-20 09:44:48,369 [DEBUG] test8.py:432 - Frame preprocessing completed successfully
2024-12-20 09:44:48,369 [ERROR] test8.py:403 - Text detection error: 'UnifiedScannerApp' object has no attribute 'ocr'
2024-12-20 09:44:48,592 [DEBUG] test8.py:432 - Frame preprocessing completed successfully
2024-12-20 09:44:48,592 [ERROR] test8.py:403 - Text detection error: 'UnifiedScannerApp' object has no attribute 'ocr'
2024-12-20 09:44:48,783 [DEBUG] test8.py:432 - Frame preprocessing completed successfully
2024-12-20 09:44:48,783 [ERROR] test8.py:403 - Text detection error: 'UnifiedScannerApp' object has no attribute 'ocr'
2024-12-20 09:44:48,990 [DEBUG] test8.py:432 - Frame preprocessing completed successfully
2024-12-20 09:44:48,990 [ERROR] test8.py:403 - Text detection error: 'UnifiedScannerApp' object has no attribute 'ocr'
2024-12-20 09:44:49,211 [DEBUG] test8.py:432 - Frame preprocessing completed successfully
2024-12-20 09:44:49,211 [ERROR] test8.py:403 - Text detection error: 'UnifiedScannerApp' object has no attribute 'ocr'
2024-12-20 09:44:49,448 [DEBUG] test8.py:432 - Frame preprocessing completed successfully
2024-12-20 09:44:49,448 [ERROR] test8.py:403 - Text detection error: 'UnifiedScannerApp' object has no attribute 'ocr'
2024-12-20 09:44:49,646 [DEBUG] test8.py:432 - Frame preprocessing completed successfully
2024-12-20 09:44:49,646 [ERROR] test8.py:403 - Text detection error: 'UnifiedScannerApp' object has no attribute 'ocr'
2024-12-20 09:44:49,841 [DEBUG] test8.py:432 - Frame preprocessing completed successfully
2024-12-20 09:44:49,841 [ERROR] test8.py:403 - Text detection error: 'UnifiedScannerApp' object has no attribute 'ocr'
2024-12-20 09:44:50,046 [DEBUG] test8.py:432 - Frame preprocessing completed successfully
2024-12-20 09:44:50,046 [ERROR] test8.py:403 - Text detection error: 'UnifiedScannerApp' object has no attribute 'ocr'
2024-12-20 09:44:50,259 [DEBUG] test8.py:432 - Frame preprocessing completed successfully
2024-12-20 09:44:50,259 [ERROR] test8.py:403 - Text detection error: 'UnifiedScannerApp' object has no attribute 'ocr'
2024-12-20 09:44:50,498 [DEBUG] test8.py:432 - Frame preprocessing completed successfully
2024-12-20 09:44:50,498 [ERROR] test8.py:403 - Text detection error: 'UnifiedScannerApp' object has no attribute 'ocr'
2024-12-20 09:44:50,720 [DEBUG] test8.py:432 - Frame preprocessing completed successfully
2024-12-20 09:44:50,720 [ERROR] test8.py:403 - Text detection error: 'UnifiedScannerApp' object has no attribute 'ocr'
2024-12-20 09:44:50,947 [DEBUG] test8.py:432 - Frame preprocessing completed successfully
2024-12-20 09:44:50,947 [ERROR] test8.py:403 - Text detection error: 'UnifiedScannerApp' object has no attribute 'ocr'
2024-12-20 09:44:51,196 [DEBUG] test8.py:432 - Frame preprocessing completed successfully
2024-12-20 09:44:51,196 [ERROR] test8.py:403 - Text detection error: 'UnifiedScannerApp' object has no attribute 'ocr'
2024-12-20 09:44:51,419 [DEBUG] test8.py:432 - Frame preprocessing completed successfully
2024-12-20 09:44:51,419 [ERROR] test8.py:403 - Text detection error: 'UnifiedScannerApp' object has no attribute 'ocr'
2024-12-20 09:44:51,648 [DEBUG] test8.py:432 - Frame preprocessing completed successfully
2024-12-20 09:44:51,648 [ERROR] test8.py:403 - Text detection error: 'UnifiedScannerApp' object has no attribute 'ocr'
2024-12-20 09:44:51,884 [DEBUG] test8.py:432 - Frame preprocessing completed successfully
2024-12-20 09:44:51,888 [ERROR] test8.py:403 - Text detection error: 'UnifiedScannerApp' object has no attribute 'ocr'
2024-12-20 09:44:52,133 [DEBUG] test8.py:432 - Frame preprocessing completed successfully
2024-12-20 09:44:52,133 [ERROR] test8.py:403 - Text detection error: 'UnifiedScannerApp' object has no attribute 'ocr'
2024-12-20 09:44:52,403 [DEBUG] test8.py:432 - Frame preprocessing completed successfully
2024-12-20 09:44:52,403 [ERROR] test8.py:403 - Text detection error: 'UnifiedScannerApp' object has no attribute 'ocr'
2024-12-20 09:44:52,641 [DEBUG] test8.py:432 - Frame preprocessing completed successfully
2024-12-20 09:44:52,641 [ERROR] test8.py:403 - Text detection error: 'UnifiedScannerApp' object has no attribute 'ocr'
2024-12-20 09:44:52,851 [DEBUG] test8.py:432 - Frame preprocessing completed successfully
2024-12-20 09:44:52,851 [ERROR] test8.py:403 - Text detection error: 'UnifiedScannerApp' object has no attribute 'ocr'
2024-12-20 09:44:53,087 [DEBUG] test8.py:432 - Frame preprocessing completed successfully
2024-12-20 09:44:53,102 [ERROR] test8.py:403 - Text detection error: 'UnifiedScannerApp' object has no attribute 'ocr'
2024-12-20 09:44:53,309 [DEBUG] test8.py:432 - Frame preprocessing completed successfully
2024-12-20 09:44:53,309 [ERROR] test8.py:403 - Text detection error: 'UnifiedScannerApp' object has no attribute 'ocr'
2024-12-20 09:44:53,516 [DEBUG] test8.py:432 - Frame preprocessing completed successfully
2024-12-20 09:44:53,516 [ERROR] test8.py:403 - Text detection error: 'UnifiedScannerApp' object has no attribute 'ocr'
2024-12-20 09:44:53,738 [DEBUG] test8.py:432 - Frame preprocessing completed successfully
2024-12-20 09:44:53,738 [ERROR] test8.py:403 - Text detection error: 'UnifiedScannerApp' object has no attribute 'ocr'
2024-12-20 09:44:53,976 [DEBUG] test8.py:432 - Frame preprocessing completed successfully
2024-12-20 09:44:53,976 [ERROR] test8.py:403 - Text detection error: 'UnifiedScannerApp' object has no attribute 'ocr'
2024-12-20 09:44:54,183 [DEBUG] test8.py:432 - Frame preprocessing completed successfully
2024-12-20 09:44:54,183 [ERROR] test8.py:403 - Text detection error: 'UnifiedScannerApp' object has no attribute 'ocr'
2024-12-20 09:44:54,406 [DEBUG] test8.py:432 - Frame preprocessing completed successfully
2024-12-20 09:44:54,406 [ERROR] test8.py:403 - Text detection error: 'UnifiedScannerApp' object has no attribute 'ocr'
2024-12-20 09:44:54,620 [DEBUG] test8.py:432 - Frame preprocessing completed successfully
2024-12-20 09:44:54,621 [ERROR] test8.py:403 - Text detection error: 'UnifiedScannerApp' object has no attribute 'ocr'
2024-12-20 09:44:54,835 [DEBUG] test8.py:432 - Frame preprocessing completed successfully
2024-12-20 09:44:54,835 [ERROR] test8.py:403 - Text detection error: 'UnifiedScannerApp' object has no attribute 'ocr'
2024-12-20 09:44:55,073 [DEBUG] test8.py:432 - Frame preprocessing completed successfully
2024-12-20 09:44:55,073 [ERROR] test8.py:403 - Text detection error: 'UnifiedScannerApp' object has no attribute 'ocr'
2024-12-20 09:44:55,295 [DEBUG] test8.py:432 - Frame preprocessing completed successfully
2024-12-20 09:44:55,295 [ERROR] test8.py:403 - Text detection error: 'UnifiedScannerApp' object has no attribute 'ocr'
2024-12-20 09:44:55,533 [DEBUG] test8.py:432 - Frame preprocessing completed successfully
2024-12-20 09:44:55,533 [ERROR] test8.py:403 - Text detection error: 'UnifiedScannerApp' object has no attribute 'ocr'
2024-12-20 09:44:55,770 [DEBUG] test8.py:432 - Frame preprocessing completed successfully
2024-12-20 09:44:55,770 [ERROR] test8.py:403 - Text detection error: 'UnifiedScannerApp' object has no attribute 'ocr'
2024-12-20 09:44:55,993 [DEBUG] test8.py:432 - Frame preprocessing completed successfully
2024-12-20 09:44:55,993 [ERROR] test8.py:403 - Text detection error: 'UnifiedScannerApp' object has no attribute 'ocr'
2024-12-20 09:44:56,226 [DEBUG] test8.py:432 - Frame preprocessing completed successfully
2024-12-20 09:44:56,226 [ERROR] test8.py:403 - Text detection error: 'UnifiedScannerApp' object has no attribute 'ocr'
2024-12-20 09:44:56,495 [DEBUG] test8.py:432 - Frame preprocessing completed successfully
2024-12-20 09:44:56,495 [ERROR] test8.py:403 - Text detection error: 'UnifiedScannerApp' object has no attribute 'ocr'
2024-12-20 09:44:56,734 [DEBUG] test8.py:432 - Frame preprocessing completed successfully
2024-12-20 09:44:56,734 [ERROR] test8.py:403 - Text detection error: 'UnifiedScannerApp' object has no attribute 'ocr'
2024-12-20 09:44:56,956 [DEBUG] test8.py:432 - Frame preprocessing completed successfully
2024-12-20 09:44:56,956 [ERROR] test8.py:403 - Text detection error: 'UnifiedScannerApp' object has no attribute 'ocr'
2024-12-20 09:44:57,178 [DEBUG] test8.py:432 - Frame preprocessing completed successfully
2024-12-20 09:44:57,178 [ERROR] test8.py:403 - Text detection error: 'UnifiedScannerApp' object has no attribute 'ocr'
2024-12-20 09:44:57,370 [DEBUG] test8.py:432 - Frame preprocessing completed successfully
2024-12-20 09:44:57,385 [ERROR] test8.py:403 - Text detection error: 'UnifiedScannerApp' object has no attribute 'ocr'
2024-12-20 09:44:57,576 [DEBUG] test8.py:432 - Frame preprocessing completed successfully
2024-12-20 09:44:57,576 [ERROR] test8.py:403 - Text detection error: 'UnifiedScannerApp' object has no attribute 'ocr'
2024-12-20 09:44:57,814 [DEBUG] test8.py:432 - Frame preprocessing completed successfully
2024-12-20 09:44:57,814 [ERROR] test8.py:403 - Text detection error: 'UnifiedScannerApp' object has no attribute 'ocr'
2024-12-20 09:44:58,021 [DEBUG] test8.py:432 - Frame preprocessing completed successfully
2024-12-20 09:44:58,021 [ERROR] test8.py:403 - Text detection error: 'UnifiedScannerApp' object has no attribute 'ocr'
2024-12-20 09:44:58,243 [DEBUG] test8.py:432 - Frame preprocessing completed successfully
2024-12-20 09:44:58,243 [ERROR] test8.py:403 - Text detection error: 'UnifiedScannerApp' object has no attribute 'ocr'
2024-12-20 09:44:58,450 [DEBUG] test8.py:432 - Frame preprocessing completed successfully
2024-12-20 09:44:58,450 [ERROR] test8.py:403 - Text detection error: 'UnifiedScannerApp' object has no attribute 'ocr'
2024-12-20 09:44:58,688 [DEBUG] test8.py:432 - Frame preprocessing completed successfully
2024-12-20 09:44:58,688 [ERROR] test8.py:403 - Text detection error: 'UnifiedScannerApp' object has no attribute 'ocr'
2024-12-20 09:44:58,926 [DEBUG] test8.py:432 - Frame preprocessing completed successfully
2024-12-20 09:44:58,926 [ERROR] test8.py:403 - Text detection error: 'UnifiedScannerApp' object has no attribute 'ocr'
2024-12-20 09:44:59,160 [DEBUG] test8.py:432 - Frame preprocessing completed successfully
2024-12-20 09:44:59,160 [ERROR] test8.py:403 - Text detection error: 'UnifiedScannerApp' object has no attribute 'ocr'
2024-12-20 09:44:59,418 [DEBUG] test8.py:432 - Frame preprocessing completed successfully
2024-12-20 09:44:59,418 [ERROR] test8.py:403 - Text detection error: 'UnifiedScannerApp' object has no attribute 'ocr'
2024-12-20 09:44:59,661 [DEBUG] test8.py:432 - Frame preprocessing completed successfully
2024-12-20 09:44:59,661 [ERROR] test8.py:403 - Text detection error: 'UnifiedScannerApp' object has no attribute 'ocr'
2024-12-20 09:44:59,863 [DEBUG] test8.py:432 - Frame preprocessing completed successfully
2024-12-20 09:44:59,863 [ERROR] test8.py:403 - Text detection error: 'UnifiedScannerApp' object has no attribute 'ocr'
2024-12-20 09:45:00,069 [DEBUG] test8.py:432 - Frame preprocessing completed successfully
2024-12-20 09:45:00,069 [ERROR] test8.py:403 - Text detection error: 'UnifiedScannerApp' object has no attribute 'ocr'
2024-12-20 09:45:00,262 [DEBUG] test8.py:432 - Frame preprocessing completed successfully
2024-12-20 09:45:00,262 [ERROR] test8.py:403 - Text detection error: 'UnifiedScannerApp' object has no attribute 'ocr'
2024-12-20 09:45:00,465 [DEBUG] test8.py:432 - Frame preprocessing completed successfully
2024-12-20 09:45:00,465 [ERROR] test8.py:403 - Text detection error: 'UnifiedScannerApp' object has no attribute 'ocr'
2024-12-20 09:45:00,703 [DEBUG] test8.py:432 - Frame preprocessing completed successfully
2024-12-20 09:45:00,703 [ERROR] test8.py:403 - Text detection error: 'UnifiedScannerApp' object has no attribute 'ocr'
2024-12-20 09:45:00,910 [DEBUG] test8.py:432 - Frame preprocessing completed successfully
2024-12-20 09:45:00,910 [ERROR] test8.py:403 - Text detection error: 'UnifiedScannerApp' object has no attribute 'ocr'
2024-12-20 09:45:01,147 [DEBUG] test8.py:432 - Frame preprocessing completed successfully
2024-12-20 09:45:01,147 [ERROR] test8.py:403 - Text detection error: 'UnifiedScannerApp' object has no attribute 'ocr'
2024-12-20 09:45:01,401 [DEBUG] test8.py:432 - Frame preprocessing completed successfully
2024-12-20 09:45:01,401 [ERROR] test8.py:403 - Text detection error: 'UnifiedScannerApp' object has no attribute 'ocr'
2024-12-20 09:45:01,608 [DEBUG] test8.py:432 - Frame preprocessing completed successfully
2024-12-20 09:45:01,608 [ERROR] test8.py:403 - Text detection error: 'UnifiedScannerApp' object has no attribute 'ocr'
2024-12-20 09:45:01,782 [DEBUG] test8.py:432 - Frame preprocessing completed successfully
2024-12-20 09:45:01,782 [ERROR] test8.py:403 - Text detection error: 'UnifiedScannerApp' object has no attribute 'ocr'
2024-12-20 09:45:01,989 [DEBUG] test8.py:432 - Frame preprocessing completed successfully
2024-12-20 09:45:01,989 [ERROR] test8.py:403 - Text detection error: 'UnifiedScannerApp' object has no attribute 'ocr'
2024-12-20 09:45:02,211 [DEBUG] test8.py:432 - Frame preprocessing completed successfully
2024-12-20 09:45:02,211 [ERROR] test8.py:403 - Text detection error: 'UnifiedScannerApp' object has no attribute 'ocr'
2024-12-20 09:45:02,449 [DEBUG] test8.py:432 - Frame preprocessing completed successfully
2024-12-20 09:45:02,449 [ERROR] test8.py:403 - Text detection error: 'UnifiedScannerApp' object has no attribute 'ocr'
2024-12-20 09:45:02,666 [DEBUG] test8.py:432 - Frame preprocessing completed successfully
2024-12-20 09:45:02,666 [ERROR] test8.py:403 - Text detection error: 'UnifiedScannerApp' object has no attribute 'ocr'
2024-12-20 09:45:02,878 [DEBUG] test8.py:432 - Frame preprocessing completed successfully
2024-12-20 09:45:02,878 [ERROR] test8.py:403 - Text detection error: 'UnifiedScannerApp' object has no attribute 'ocr'
2024-12-20 09:45:03,116 [DEBUG] test8.py:432 - Frame preprocessing completed successfully
2024-12-20 09:45:03,116 [ERROR] test8.py:403 - Text detection error: 'UnifiedScannerApp' object has no attribute 'ocr'
2024-12-20 09:45:03,367 [DEBUG] test8.py:432 - Frame preprocessing completed successfully
2024-12-20 09:45:03,369 [ERROR] test8.py:403 - Text detection error: 'UnifiedScannerApp' object has no attribute 'ocr'
2024-12-20 09:45:03,577 [DEBUG] test8.py:432 - Frame preprocessing completed successfully
2024-12-20 09:45:03,577 [ERROR] test8.py:403 - Text detection error: 'UnifiedScannerApp' object has no attribute 'ocr'
2024-12-20 09:45:03,846 [DEBUG] test8.py:432 - Frame preprocessing completed successfully
2024-12-20 09:45:03,846 [ERROR] test8.py:403 - Text detection error: 'UnifiedScannerApp' object has no attribute 'ocr'
2024-12-20 09:45:04,085 [DEBUG] test8.py:432 - Frame preprocessing completed successfully
2024-12-20 09:45:04,085 [ERROR] test8.py:403 - Text detection error: 'UnifiedScannerApp' object has no attribute 'ocr'
2024-12-20 09:45:04,322 [DEBUG] test8.py:432 - Frame preprocessing completed successfully
2024-12-20 09:45:04,338 [ERROR] test8.py:403 - Text detection error: 'UnifiedScannerApp' object has no attribute 'ocr'
2024-12-20 09:45:04,576 [DEBUG] test8.py:432 - Frame preprocessing completed successfully
2024-12-20 09:45:04,576 [ERROR] test8.py:403 - Text detection error: 'UnifiedScannerApp' object has no attribute 'ocr'
2024-12-20 09:45:04,814 [DEBUG] test8.py:432 - Frame preprocessing completed successfully
2024-12-20 09:45:04,814 [ERROR] test8.py:403 - Text detection error: 'UnifiedScannerApp' object has no attribute 'ocr'
2024-12-20 09:45:05,037 [DEBUG] test8.py:432 - Frame preprocessing completed successfully
2024-12-20 09:45:05,037 [ERROR] test8.py:403 - Text detection error: 'UnifiedScannerApp' object has no attribute 'ocr'
2024-12-20 09:45:05,228 [DEBUG] test8.py:432 - Frame preprocessing completed successfully
2024-12-20 09:45:05,228 [ERROR] test8.py:403 - Text detection error: 'UnifiedScannerApp' object has no attribute 'ocr'
2024-12-20 09:45:05,434 [DEBUG] test8.py:432 - Frame preprocessing completed successfully
2024-12-20 09:45:05,434 [ERROR] test8.py:403 - Text detection error: 'UnifiedScannerApp' object has no attribute 'ocr'
2024-12-20 09:45:05,641 [DEBUG] test8.py:432 - Frame preprocessing completed successfully
2024-12-20 09:45:05,641 [ERROR] test8.py:403 - Text detection error: 'UnifiedScannerApp' object has no attribute 'ocr'
2024-12-20 09:45:05,871 [DEBUG] test8.py:432 - Frame preprocessing completed successfully
2024-12-20 09:45:05,871 [ERROR] test8.py:403 - Text detection error: 'UnifiedScannerApp' object has no attribute 'ocr'
2024-12-20 09:45:06,076 [DEBUG] test8.py:432 - Frame preprocessing completed successfully
2024-12-20 09:45:06,077 [ERROR] test8.py:403 - Text detection error: 'UnifiedScannerApp' object has no attribute 'ocr'
2024-12-20 09:45:06,291 [DEBUG] test8.py:432 - Frame preprocessing completed successfully
2024-12-20 09:45:06,291 [ERROR] test8.py:403 - Text detection error: 'UnifiedScannerApp' object has no attribute 'ocr'
2024-12-20 09:45:06,514 [DEBUG] test8.py:432 - Frame preprocessing completed successfully
2024-12-20 09:45:06,514 [ERROR] test8.py:403 - Text detection error: 'UnifiedScannerApp' object has no attribute 'ocr'
2024-12-20 09:45:06,736 [DEBUG] test8.py:432 - Frame preprocessing completed successfully
2024-12-20 09:45:06,736 [ERROR] test8.py:403 - Text detection error: 'UnifiedScannerApp' object has no attribute 'ocr'
2024-12-20 09:45:06,959 [DEBUG] test8.py:432 - Frame preprocessing completed successfully
2024-12-20 09:45:06,959 [ERROR] test8.py:403 - Text detection error: 'UnifiedScannerApp' object has no attribute 'ocr'
2024-12-20 09:45:07,181 [DEBUG] test8.py:432 - Frame preprocessing completed successfully
2024-12-20 09:45:07,181 [ERROR] test8.py:403 - Text detection error: 'UnifiedScannerApp' object has no attribute 'ocr'
2024-12-20 09:45:07,419 [DEBUG] test8.py:432 - Frame preprocessing completed successfully
2024-12-20 09:45:07,419 [ERROR] test8.py:403 - Text detection error: 'UnifiedScannerApp' object has no attribute 'ocr'
2024-12-20 09:45:07,641 [DEBUG] test8.py:432 - Frame preprocessing completed successfully
2024-12-20 09:45:07,641 [ERROR] test8.py:403 - Text detection error: 'UnifiedScannerApp' object has no attribute 'ocr'
2024-12-20 09:45:07,873 [DEBUG] test8.py:432 - Frame preprocessing completed successfully
2024-12-20 09:45:07,873 [ERROR] test8.py:403 - Text detection error: 'UnifiedScannerApp' object has no attribute 'ocr'
2024-12-20 09:45:08,071 [DEBUG] test8.py:432 - Frame preprocessing completed successfully
2024-12-20 09:45:08,071 [ERROR] test8.py:403 - Text detection error: 'UnifiedScannerApp' object has no attribute 'ocr'
2024-12-20 09:45:08,293 [DEBUG] test8.py:432 - Frame preprocessing completed successfully
2024-12-20 09:45:08,293 [ERROR] test8.py:403 - Text detection error: 'UnifiedScannerApp' object has no attribute 'ocr'
2024-12-20 09:45:08,499 [DEBUG] test8.py:432 - Frame preprocessing completed successfully
2024-12-20 09:45:08,499 [ERROR] test8.py:403 - Text detection error: 'UnifiedScannerApp' object has no attribute 'ocr'
2024-12-20 09:45:08,706 [DEBUG] test8.py:432 - Frame preprocessing completed successfully
2024-12-20 09:45:08,706 [ERROR] test8.py:403 - Text detection error: 'UnifiedScannerApp' object has no attribute 'ocr'
2024-12-20 09:45:08,944 [DEBUG] test8.py:432 - Frame preprocessing completed successfully
2024-12-20 09:45:08,944 [ERROR] test8.py:403 - Text detection error: 'UnifiedScannerApp' object has no attribute 'ocr'
2024-12-20 09:45:09,182 [DEBUG] test8.py:432 - Frame preprocessing completed successfully
2024-12-20 09:45:09,182 [ERROR] test8.py:403 - Text detection error: 'UnifiedScannerApp' object has no attribute 'ocr'
2024-12-20 09:45:09,420 [DEBUG] test8.py:432 - Frame preprocessing completed successfully
2024-12-20 09:45:09,420 [ERROR] test8.py:403 - Text detection error: 'UnifiedScannerApp' object has no attribute 'ocr'
2024-12-20 09:45:09,658 [DEBUG] test8.py:432 - Frame preprocessing completed successfully
2024-12-20 09:45:09,658 [ERROR] test8.py:403 - Text detection error: 'UnifiedScannerApp' object has no attribute 'ocr'
2024-12-20 09:45:09,896 [DEBUG] test8.py:432 - Frame preprocessing completed successfully
2024-12-20 09:45:09,896 [ERROR] test8.py:403 - Text detection error: 'UnifiedScannerApp' object has no attribute 'ocr'
2024-12-20 09:45:10,088 [DEBUG] test8.py:432 - Frame preprocessing completed successfully
2024-12-20 09:45:10,088 [ERROR] test8.py:403 - Text detection error: 'UnifiedScannerApp' object has no attribute 'ocr'
2024-12-20 09:45:10,324 [DEBUG] test8.py:432 - Frame preprocessing completed successfully
2024-12-20 09:45:10,324 [ERROR] test8.py:403 - Text detection error: 'UnifiedScannerApp' object has no attribute 'ocr'
2024-12-20 09:45:10,539 [DEBUG] test8.py:432 - Frame preprocessing completed successfully
2024-12-20 09:45:10,539 [ERROR] test8.py:403 - Text detection error: 'UnifiedScannerApp' object has no attribute 'ocr'
2024-12-20 09:45:10,938 [DEBUG] test8.py:432 - Frame preprocessing completed successfully
2024-12-20 09:45:10,938 [ERROR] test8.py:403 - Text detection error: 'UnifiedScannerApp' object has no attribute 'ocr'
2024-12-20 09:45:11,303 [DEBUG] test8.py:432 - Frame preprocessing completed successfully
2024-12-20 09:45:11,303 [ERROR] test8.py:403 - Text detection error: 'UnifiedScannerApp' object has no attribute 'ocr'
2024-12-20 09:45:11,727 [DEBUG] test8.py:432 - Frame preprocessing completed successfully
2024-12-20 09:45:11,727 [ERROR] test8.py:403 - Text detection error: 'UnifiedScannerApp' object has no attribute 'ocr'
2024-12-20 09:45:12,137 [DEBUG] test8.py:432 - Frame preprocessing completed successfully
2024-12-20 09:45:12,137 [ERROR] test8.py:403 - Text detection error: 'UnifiedScannerApp' object has no attribute 'ocr'
2024-12-20 09:45:12,364 [DEBUG] test8.py:432 - Frame preprocessing completed successfully
2024-12-20 09:45:12,364 [ERROR] test8.py:403 - Text detection error: 'UnifiedScannerApp' object has no attribute 'ocr'
2024-12-20 09:45:12,580 [DEBUG] test8.py:432 - Frame preprocessing completed successfully
2024-12-20 09:45:12,580 [ERROR] test8.py:403 - Text detection error: 'UnifiedScannerApp' object has no attribute 'ocr'
2024-12-20 09:45:13,044 [DEBUG] test8.py:432 - Frame preprocessing completed successfully
2024-12-20 09:45:13,044 [ERROR] test8.py:403 - Text detection error: 'UnifiedScannerApp' object has no attribute 'ocr'
2024-12-20 09:45:13,292 [DEBUG] test8.py:432 - Frame preprocessing completed successfully
2024-12-20 09:45:13,292 [ERROR] test8.py:403 - Text detection error: 'UnifiedScannerApp' object has no attribute 'ocr'
2024-12-20 09:45:13,521 [DEBUG] test8.py:432 - Frame preprocessing completed successfully
2024-12-20 09:45:13,521 [ERROR] test8.py:403 - Text detection error: 'UnifiedScannerApp' object has no attribute 'ocr'
2024-12-20 09:45:13,757 [DEBUG] test8.py:432 - Frame preprocessing completed successfully
2024-12-20 09:45:13,757 [ERROR] test8.py:403 - Text detection error: 'UnifiedScannerApp' object has no attribute 'ocr'
2024-12-20 09:45:13,986 [DEBUG] test8.py:432 - Frame preprocessing completed successfully
2024-12-20 09:45:13,986 [ERROR] test8.py:403 - Text detection error: 'UnifiedScannerApp' object has no attribute 'ocr'
2024-12-20 09:49:48,734 [INFO] test8.py:67 - Tesseract initialized successfully
2024-12-20 09:49:58,179 [DEBUG] test8.py:443 - Frame preprocessing completed successfully
2024-12-20 09:49:58,220 [DEBUG] pytesseract.py:272 - ['tesseract', 'C:\\Users\\600126\\AppData\\Local\\Temp\\tess_b8_vyr3p_input.PNG', 'C:\\Users\\600126\\AppData\\Local\\Temp\\tess_b8_vyr3p', '--oem', '3', '--psm', '6', 'txt']
2024-12-20 09:49:58,973 [DEBUG] pytesseract.py:272 - ['tesseract', 'C:\\Users\\600126\\AppData\\Local\\Temp\\tess_lzyh69va_input.PNG', 'C:\\Users\\600126\\AppData\\Local\\Temp\\tess_lzyh69va', '-c', 'tessedit_create_tsv=1', '--oem', '3', '--psm', '6']
2024-12-20 09:49:59,703 [WARNING] test8.py:410 - No text detected in frame
2024-12-20 09:50:00,089 [DEBUG] test8.py:443 - Frame preprocessing completed successfully
2024-12-20 09:50:00,125 [DEBUG] pytesseract.py:272 - ['tesseract', 'C:\\Users\\600126\\AppData\\Local\\Temp\\tess_pld7yl57_input.PNG', 'C:\\Users\\600126\\AppData\\Local\\Temp\\tess_pld7yl57', '--oem', '3', '--psm', '6', 'txt']
2024-12-20 09:50:00,819 [DEBUG] pytesseract.py:272 - ['tesseract', 'C:\\Users\\600126\\AppData\\Local\\Temp\\tess_mf2c0j40_input.PNG', 'C:\\Users\\600126\\AppData\\Local\\Temp\\tess_mf2c0j40', '-c', 'tessedit_create_tsv=1', '--oem', '3', '--psm', '6']
2024-12-20 09:50:01,493 [INFO] test8.py:407 - Detected 1 text regions
2024-12-20 09:50:02,095 [DEBUG] test8.py:443 - Frame preprocessing completed successfully
2024-12-20 09:50:02,124 [DEBUG] pytesseract.py:272 - ['tesseract', 'C:\\Users\\600126\\AppData\\Local\\Temp\\tess_wu9mcf5i_input.PNG', 'C:\\Users\\600126\\AppData\\Local\\Temp\\tess_wu9mcf5i', '--oem', '3', '--psm', '6', 'txt']
2024-12-20 09:50:02,646 [DEBUG] pytesseract.py:272 - ['tesseract', 'C:\\Users\\600126\\AppData\\Local\\Temp\\tess_uvhhqvv__input.PNG', 'C:\\Users\\600126\\AppData\\Local\\Temp\\tess_uvhhqvv_', '-c', 'tessedit_create_tsv=1', '--oem', '3', '--psm', '6']
2024-12-20 09:50:03,197 [WARNING] test8.py:410 - No text detected in frame
2024-12-20 09:50:03,768 [DEBUG] test8.py:443 - Frame preprocessing completed successfully
2024-12-20 09:50:03,800 [DEBUG] pytesseract.py:272 - ['tesseract', 'C:\\Users\\600126\\AppData\\Local\\Temp\\tess_bgdgsrj4_input.PNG', 'C:\\Users\\600126\\AppData\\Local\\Temp\\tess_bgdgsrj4', '--oem', '3', '--psm', '6', 'txt']
2024-12-20 09:50:04,499 [DEBUG] pytesseract.py:272 - ['tesseract', 'C:\\Users\\600126\\AppData\\Local\\Temp\\tess_kgp7lbol_input.PNG', 'C:\\Users\\600126\\AppData\\Local\\Temp\\tess_kgp7lbol', '-c', 'tessedit_create_tsv=1', '--oem', '3', '--psm', '6']
2024-12-20 09:50:05,182 [INFO] test8.py:407 - Detected 5 text regions
2024-12-20 09:50:05,377 [DEBUG] test8.py:443 - Frame preprocessing completed successfully
2024-12-20 09:50:05,393 [DEBUG] pytesseract.py:272 - ['tesseract', 'C:\\Users\\600126\\AppData\\Local\\Temp\\tess_xqlxqezf_input.PNG', 'C:\\Users\\600126\\AppData\\Local\\Temp\\tess_xqlxqezf', '--oem', '3', '--psm', '6', 'txt']
2024-12-20 09:50:05,815 [DEBUG] pytesseract.py:272 - ['tesseract', 'C:\\Users\\600126\\AppData\\Local\\Temp\\tess_vj95r61i_input.PNG', 'C:\\Users\\600126\\AppData\\Local\\Temp\\tess_vj95r61i', '-c', 'tessedit_create_tsv=1', '--oem', '3', '--psm', '6']
2024-12-20 09:50:06,195 [INFO] test8.py:407 - Detected 2 text regions
2024-12-20 09:50:06,385 [DEBUG] test8.py:443 - Frame preprocessing completed successfully
2024-12-20 09:50:06,424 [DEBUG] pytesseract.py:272 - ['tesseract', 'C:\\Users\\600126\\AppData\\Local\\Temp\\tess_v0sm0nra_input.PNG', 'C:\\Users\\600126\\AppData\\Local\\Temp\\tess_v0sm0nra', '--oem', '3', '--psm', '6', 'txt']
2024-12-20 09:50:06,907 [DEBUG] pytesseract.py:272 - ['tesseract', 'C:\\Users\\600126\\AppData\\Local\\Temp\\tess_hlpe8hwb_input.PNG', 'C:\\Users\\600126\\AppData\\Local\\Temp\\tess_hlpe8hwb', '-c', 'tessedit_create_tsv=1', '--oem', '3', '--psm', '6']
2024-12-20 09:50:07,363 [INFO] test8.py:407 - Detected 5 text regions
2024-12-20 09:50:07,363 [INFO] test8.py:554 - Processed Text: 4000 LOT DATE IM CHINA:
2024-12-20 09:50:07,363 [INFO] test8.py:555 - Parsed Data: {'LOT': 'DATE'}
2024-12-20 09:50:07,596 [DEBUG] test8.py:443 - Frame preprocessing completed successfully
2024-12-20 09:50:07,633 [DEBUG] pytesseract.py:272 - ['tesseract', 'C:\\Users\\600126\\AppData\\Local\\Temp\\tess_8j_xagke_input.PNG', 'C:\\Users\\600126\\AppData\\Local\\Temp\\tess_8j_xagke', '--oem', '3', '--psm', '6', 'txt']
2024-12-20 09:50:08,131 [DEBUG] pytesseract.py:272 - ['tesseract', 'C:\\Users\\600126\\AppData\\Local\\Temp\\tess_09i1e6aw_input.PNG', 'C:\\Users\\600126\\AppData\\Local\\Temp\\tess_09i1e6aw', '-c', 'tessedit_create_tsv=1', '--oem', '3', '--psm', '6']
2024-12-20 09:50:08,620 [INFO] test8.py:407 - Detected 2 text regions
2024-12-20 09:50:08,871 [DEBUG] test8.py:443 - Frame preprocessing completed successfully
2024-12-20 09:50:08,916 [DEBUG] pytesseract.py:272 - ['tesseract', 'C:\\Users\\600126\\AppData\\Local\\Temp\\tess_66ylsy6f_input.PNG', 'C:\\Users\\600126\\AppData\\Local\\Temp\\tess_66ylsy6f', '--oem', '3', '--psm', '6', 'txt']
2024-12-20 09:50:09,391 [DEBUG] pytesseract.py:272 - ['tesseract', 'C:\\Users\\600126\\AppData\\Local\\Temp\\tess_2tnnj4jx_input.PNG', 'C:\\Users\\600126\\AppData\\Local\\Temp\\tess_2tnnj4jx', '-c', 'tessedit_create_tsv=1', '--oem', '3', '--psm', '6']
2024-12-20 09:50:09,864 [INFO] test8.py:407 - Detected 4 text regions
2024-12-20 09:50:10,103 [DEBUG] test8.py:443 - Frame preprocessing completed successfully
2024-12-20 09:50:10,143 [DEBUG] pytesseract.py:272 - ['tesseract', 'C:\\Users\\600126\\AppData\\Local\\Temp\\tess__t5ue6ce_input.PNG', 'C:\\Users\\600126\\AppData\\Local\\Temp\\tess__t5ue6ce', '--oem', '3', '--psm', '6', 'txt']
2024-12-20 09:50:10,607 [DEBUG] pytesseract.py:272 - ['tesseract', 'C:\\Users\\600126\\AppData\\Local\\Temp\\tess_hvz07d9o_input.PNG', 'C:\\Users\\600126\\AppData\\Local\\Temp\\tess_hvz07d9o', '-c', 'tessedit_create_tsv=1', '--oem', '3', '--psm', '6']
2024-12-20 09:50:11,078 [INFO] test8.py:407 - Detected 2 text regions
2024-12-20 09:50:11,269 [DEBUG] test8.py:443 - Frame preprocessing completed successfully
2024-12-20 09:50:11,285 [DEBUG] pytesseract.py:272 - ['tesseract', 'C:\\Users\\600126\\AppData\\Local\\Temp\\tess_iukbuhha_input.PNG', 'C:\\Users\\600126\\AppData\\Local\\Temp\\tess_iukbuhha', '--oem', '3', '--psm', '6', 'txt']
2024-12-20 09:50:11,670 [DEBUG] pytesseract.py:272 - ['tesseract', 'C:\\Users\\600126\\AppData\\Local\\Temp\\tess__s4z2kdy_input.PNG', 'C:\\Users\\600126\\AppData\\Local\\Temp\\tess__s4z2kdy', '-c', 'tessedit_create_tsv=1', '--oem', '3', '--psm', '6']
2024-12-20 09:50:12,022 [INFO] test8.py:407 - Detected 1 text regions
2024-12-20 09:50:12,244 [DEBUG] test8.py:443 - Frame preprocessing completed successfully
2024-12-20 09:50:12,261 [DEBUG] pytesseract.py:272 - ['tesseract', 'C:\\Users\\600126\\AppData\\Local\\Temp\\tess_uo7rsgsb_input.PNG', 'C:\\Users\\600126\\AppData\\Local\\Temp\\tess_uo7rsgsb', '--oem', '3', '--psm', '6', 'txt']
2024-12-20 09:50:12,844 [DEBUG] pytesseract.py:272 - ['tesseract', 'C:\\Users\\600126\\AppData\\Local\\Temp\\tess_j02dgtrc_input.PNG', 'C:\\Users\\600126\\AppData\\Local\\Temp\\tess_j02dgtrc', '-c', 'tessedit_create_tsv=1', '--oem', '3', '--psm', '6']
2024-12-20 09:50:13,402 [INFO] test8.py:407 - Detected 6 text regions
2024-12-20 09:50:13,615 [DEBUG] test8.py:443 - Frame preprocessing completed successfully
2024-12-20 09:50:13,661 [DEBUG] pytesseract.py:272 - ['tesseract', 'C:\\Users\\600126\\AppData\\Local\\Temp\\tess_ftomsaew_input.PNG', 'C:\\Users\\600126\\AppData\\Local\\Temp\\tess_ftomsaew', '--oem', '3', '--psm', '6', 'txt']
2024-12-20 09:50:14,119 [DEBUG] pytesseract.py:272 - ['tesseract', 'C:\\Users\\600126\\AppData\\Local\\Temp\\tess_5g5gz52j_input.PNG', 'C:\\Users\\600126\\AppData\\Local\\Temp\\tess_5g5gz52j', '-c', 'tessedit_create_tsv=1', '--oem', '3', '--psm', '6']
2024-12-20 09:50:14,560 [INFO] test8.py:407 - Detected 6 text regions
2024-12-20 09:50:14,767 [DEBUG] test8.py:443 - Frame preprocessing completed successfully
2024-12-20 09:50:14,803 [DEBUG] pytesseract.py:272 - ['tesseract', 'C:\\Users\\600126\\AppData\\Local\\Temp\\tess_k42yha4v_input.PNG', 'C:\\Users\\600126\\AppData\\Local\\Temp\\tess_k42yha4v', '--oem', '3', '--psm', '6', 'txt']
2024-12-20 09:50:15,274 [DEBUG] pytesseract.py:272 - ['tesseract', 'C:\\Users\\600126\\AppData\\Local\\Temp\\tess_aovucxlk_input.PNG', 'C:\\Users\\600126\\AppData\\Local\\Temp\\tess_aovucxlk', '-c', 'tessedit_create_tsv=1', '--oem', '3', '--psm', '6']
2024-12-20 09:50:15,737 [INFO] test8.py:407 - Detected 3 text regions
2024-12-20 09:50:15,966 [DEBUG] test8.py:443 - Frame preprocessing completed successfully
2024-12-20 09:50:15,982 [DEBUG] pytesseract.py:272 - ['tesseract', 'C:\\Users\\600126\\AppData\\Local\\Temp\\tess_r7k7v8u2_input.PNG', 'C:\\Users\\600126\\AppData\\Local\\Temp\\tess_r7k7v8u2', '--oem', '3', '--psm', '6', 'txt']
2024-12-20 09:50:16,581 [DEBUG] pytesseract.py:272 - ['tesseract', 'C:\\Users\\600126\\AppData\\Local\\Temp\\tess_hwc43y0o_input.PNG', 'C:\\Users\\600126\\AppData\\Local\\Temp\\tess_hwc43y0o', '-c', 'tessedit_create_tsv=1', '--oem', '3', '--psm', '6']
2024-12-20 09:50:17,152 [INFO] test8.py:407 - Detected 4 text regions
2024-12-20 09:50:17,384 [DEBUG] test8.py:443 - Frame preprocessing completed successfully
2024-12-20 09:50:17,399 [DEBUG] pytesseract.py:272 - ['tesseract', 'C:\\Users\\600126\\AppData\\Local\\Temp\\tess_08yyneoo_input.PNG', 'C:\\Users\\600126\\AppData\\Local\\Temp\\tess_08yyneoo', '--oem', '3', '--psm', '6', 'txt']
2024-12-20 09:50:17,868 [DEBUG] pytesseract.py:272 - ['tesseract', 'C:\\Users\\600126\\AppData\\Local\\Temp\\tess_h2x7yj_w_input.PNG', 'C:\\Users\\600126\\AppData\\Local\\Temp\\tess_h2x7yj_w', '-c', 'tessedit_create_tsv=1', '--oem', '3', '--psm', '6']
2024-12-20 09:50:18,302 [INFO] test8.py:407 - Detected 5 text regions
2024-12-20 09:50:18,583 [DEBUG] test8.py:443 - Frame preprocessing completed successfully
2024-12-20 09:50:18,614 [DEBUG] pytesseract.py:272 - ['tesseract', 'C:\\Users\\600126\\AppData\\Local\\Temp\\tess_e0oc4lqp_input.PNG', 'C:\\Users\\600126\\AppData\\Local\\Temp\\tess_e0oc4lqp', '--oem', '3', '--psm', '6', 'txt']
2024-12-20 09:50:19,199 [DEBUG] pytesseract.py:272 - ['tesseract', 'C:\\Users\\600126\\AppData\\Local\\Temp\\tess_drlltbgz_input.PNG', 'C:\\Users\\600126\\AppData\\Local\\Temp\\tess_drlltbgz', '-c', 'tessedit_create_tsv=1', '--oem', '3', '--psm', '6']
2024-12-20 09:50:19,779 [INFO] test8.py:407 - Detected 3 text regions
2024-12-20 09:50:20,048 [DEBUG] test8.py:443 - Frame preprocessing completed successfully
2024-12-20 09:50:20,066 [DEBUG] pytesseract.py:272 - ['tesseract', 'C:\\Users\\600126\\AppData\\Local\\Temp\\tess_p8abo9d3_input.PNG', 'C:\\Users\\600126\\AppData\\Local\\Temp\\tess_p8abo9d3', '--oem', '3', '--psm', '6', 'txt']
2024-12-20 09:50:20,537 [DEBUG] pytesseract.py:272 - ['tesseract', 'C:\\Users\\600126\\AppData\\Local\\Temp\\tess_9oeki1l5_input.PNG', 'C:\\Users\\600126\\AppData\\Local\\Temp\\tess_9oeki1l5', '-c', 'tessedit_create_tsv=1', '--oem', '3', '--psm', '6']
2024-12-20 09:50:20,993 [INFO] test8.py:407 - Detected 1 text regions
2024-12-20 09:50:21,199 [DEBUG] test8.py:443 - Frame preprocessing completed successfully
2024-12-20 09:50:21,230 [DEBUG] pytesseract.py:272 - ['tesseract', 'C:\\Users\\600126\\AppData\\Local\\Temp\\tess_rzcjt476_input.PNG', 'C:\\Users\\600126\\AppData\\Local\\Temp\\tess_rzcjt476', '--oem', '3', '--psm', '6', 'txt']
2024-12-20 09:50:21,735 [DEBUG] pytesseract.py:272 - ['tesseract', 'C:\\Users\\600126\\AppData\\Local\\Temp\\tess_dzmws52v_input.PNG', 'C:\\Users\\600126\\AppData\\Local\\Temp\\tess_dzmws52v', '-c', 'tessedit_create_tsv=1', '--oem', '3', '--psm', '6']
2024-12-20 09:50:22,222 [INFO] test8.py:407 - Detected 4 text regions
2024-12-20 09:50:22,429 [DEBUG] test8.py:443 - Frame preprocessing completed successfully
2024-12-20 09:50:22,469 [DEBUG] pytesseract.py:272 - ['tesseract', 'C:\\Users\\600126\\AppData\\Local\\Temp\\tess_zluz89zw_input.PNG', 'C:\\Users\\600126\\AppData\\Local\\Temp\\tess_zluz89zw', '--oem', '3', '--psm', '6', 'txt']
2024-12-20 09:50:22,961 [DEBUG] pytesseract.py:272 - ['tesseract', 'C:\\Users\\600126\\AppData\\Local\\Temp\\tess_o75foqqb_input.PNG', 'C:\\Users\\600126\\AppData\\Local\\Temp\\tess_o75foqqb', '-c', 'tessedit_create_tsv=1', '--oem', '3', '--psm', '6']
2024-12-20 09:50:23,420 [INFO] test8.py:407 - Detected 3 text regions
2024-12-20 09:50:23,626 [DEBUG] test8.py:443 - Frame preprocessing completed successfully
2024-12-20 09:50:23,665 [DEBUG] pytesseract.py:272 - ['tesseract', 'C:\\Users\\600126\\AppData\\Local\\Temp\\tess_i5rac_bc_input.PNG', 'C:\\Users\\600126\\AppData\\Local\\Temp\\tess_i5rac_bc', '--oem', '3', '--psm', '6', 'txt']
2024-12-20 09:50:24,165 [DEBUG] pytesseract.py:272 - ['tesseract', 'C:\\Users\\600126\\AppData\\Local\\Temp\\tess_01hjfcwy_input.PNG', 'C:\\Users\\600126\\AppData\\Local\\Temp\\tess_01hjfcwy', '-c', 'tessedit_create_tsv=1', '--oem', '3', '--psm', '6']
2024-12-20 09:50:24,666 [INFO] test8.py:407 - Detected 5 text regions
2024-12-20 09:50:24,905 [DEBUG] test8.py:443 - Frame preprocessing completed successfully
2024-12-20 09:50:24,946 [DEBUG] pytesseract.py:272 - ['tesseract', 'C:\\Users\\600126\\AppData\\Local\\Temp\\tess_01v9lg2b_input.PNG', 'C:\\Users\\600126\\AppData\\Local\\Temp\\tess_01v9lg2b', '--oem', '3', '--psm', '6', 'txt']
2024-12-20 09:50:25,458 [DEBUG] pytesseract.py:272 - ['tesseract', 'C:\\Users\\600126\\AppData\\Local\\Temp\\tess_0ypvrjpo_input.PNG', 'C:\\Users\\600126\\AppData\\Local\\Temp\\tess_0ypvrjpo', '-c', 'tessedit_create_tsv=1', '--oem', '3', '--psm', '6']
2024-12-20 09:50:25,941 [INFO] test8.py:407 - Detected 5 text regions
2024-12-20 09:50:26,179 [DEBUG] test8.py:443 - Frame preprocessing completed successfully
2024-12-20 09:50:26,215 [DEBUG] pytesseract.py:272 - ['tesseract', 'C:\\Users\\600126\\AppData\\Local\\Temp\\tess_8dwmet7__input.PNG', 'C:\\Users\\600126\\AppData\\Local\\Temp\\tess_8dwmet7_', '--oem', '3', '--psm', '6', 'txt']
2024-12-20 09:50:26,695 [DEBUG] pytesseract.py:272 - ['tesseract', 'C:\\Users\\600126\\AppData\\Local\\Temp\\tess_s9lvngxo_input.PNG', 'C:\\Users\\600126\\AppData\\Local\\Temp\\tess_s9lvngxo', '-c', 'tessedit_create_tsv=1', '--oem', '3', '--psm', '6']
2024-12-20 09:50:27,155 [INFO] test8.py:407 - Detected 11 text regions
2024-12-20 09:50:27,377 [DEBUG] test8.py:443 - Frame preprocessing completed successfully
2024-12-20 09:50:27,415 [DEBUG] pytesseract.py:272 - ['tesseract', 'C:\\Users\\600126\\AppData\\Local\\Temp\\tess_p8onm9tv_input.PNG', 'C:\\Users\\600126\\AppData\\Local\\Temp\\tess_p8onm9tv', '--oem', '3', '--psm', '6', 'txt']
2024-12-20 09:50:27,967 [DEBUG] pytesseract.py:272 - ['tesseract', 'C:\\Users\\600126\\AppData\\Local\\Temp\\tess_ce1d2cu7_input.PNG', 'C:\\Users\\600126\\AppData\\Local\\Temp\\tess_ce1d2cu7', '-c', 'tessedit_create_tsv=1', '--oem', '3', '--psm', '6']
2024-12-20 09:50:28,478 [INFO] test8.py:407 - Detected 6 text regions
2024-12-20 09:50:28,844 [DEBUG] test8.py:443 - Frame preprocessing completed successfully
2024-12-20 09:50:28,888 [DEBUG] pytesseract.py:272 - ['tesseract', 'C:\\Users\\600126\\AppData\\Local\\Temp\\tess_x_0y51fk_input.PNG', 'C:\\Users\\600126\\AppData\\Local\\Temp\\tess_x_0y51fk', '--oem', '3', '--psm', '6', 'txt']
2024-12-20 09:50:29,427 [DEBUG] pytesseract.py:272 - ['tesseract', 'C:\\Users\\600126\\AppData\\Local\\Temp\\tess_rqetpnni_input.PNG', 'C:\\Users\\600126\\AppData\\Local\\Temp\\tess_rqetpnni', '-c', 'tessedit_create_tsv=1', '--oem', '3', '--psm', '6']
2024-12-20 09:50:29,978 [INFO] test8.py:407 - Detected 2 text regions
2024-12-20 09:50:30,212 [DEBUG] test8.py:443 - Frame preprocessing completed successfully
2024-12-20 09:50:30,244 [DEBUG] pytesseract.py:272 - ['tesseract', 'C:\\Users\\600126\\AppData\\Local\\Temp\\tess_r0aauiv8_input.PNG', 'C:\\Users\\600126\\AppData\\Local\\Temp\\tess_r0aauiv8', '--oem', '3', '--psm', '6', 'txt']
2024-12-20 09:50:30,714 [DEBUG] pytesseract.py:272 - ['tesseract', 'C:\\Users\\600126\\AppData\\Local\\Temp\\tess_6mk_6cbk_input.PNG', 'C:\\Users\\600126\\AppData\\Local\\Temp\\tess_6mk_6cbk', '-c', 'tessedit_create_tsv=1', '--oem', '3', '--psm', '6']
2024-12-20 09:50:31,177 [INFO] test8.py:407 - Detected 6 text regions
2024-12-20 09:50:31,407 [DEBUG] test8.py:443 - Frame preprocessing completed successfully
2024-12-20 09:50:31,447 [DEBUG] pytesseract.py:272 - ['tesseract', 'C:\\Users\\600126\\AppData\\Local\\Temp\\tess_a3soci_1_input.PNG', 'C:\\Users\\600126\\AppData\\Local\\Temp\\tess_a3soci_1', '--oem', '3', '--psm', '6', 'txt']
2024-12-20 09:50:32,015 [DEBUG] pytesseract.py:272 - ['tesseract', 'C:\\Users\\600126\\AppData\\Local\\Temp\\tess_r0_cz6ix_input.PNG', 'C:\\Users\\600126\\AppData\\Local\\Temp\\tess_r0_cz6ix', '-c', 'tessedit_create_tsv=1', '--oem', '3', '--psm', '6']
2024-12-20 09:50:32,535 [INFO] test8.py:407 - Detected 4 text regions
2024-12-20 09:50:32,759 [DEBUG] test8.py:443 - Frame preprocessing completed successfully
2024-12-20 09:50:32,805 [DEBUG] pytesseract.py:272 - ['tesseract', 'C:\\Users\\600126\\AppData\\Local\\Temp\\tess_xpc_bfv6_input.PNG', 'C:\\Users\\600126\\AppData\\Local\\Temp\\tess_xpc_bfv6', '--oem', '3', '--psm', '6', 'txt']
2024-12-20 09:50:33,302 [DEBUG] pytesseract.py:272 - ['tesseract', 'C:\\Users\\600126\\AppData\\Local\\Temp\\tess_t7bkp_yl_input.PNG', 'C:\\Users\\600126\\AppData\\Local\\Temp\\tess_t7bkp_yl', '-c', 'tessedit_create_tsv=1', '--oem', '3', '--psm', '6']
2024-12-20 09:50:33,765 [INFO] test8.py:407 - Detected 8 text regions
2024-12-20 09:50:34,004 [DEBUG] test8.py:443 - Frame preprocessing completed successfully
2024-12-20 09:50:34,019 [DEBUG] pytesseract.py:272 - ['tesseract', 'C:\\Users\\600126\\AppData\\Local\\Temp\\tess_0daqu2kb_input.PNG', 'C:\\Users\\600126\\AppData\\Local\\Temp\\tess_0daqu2kb', '--oem', '3', '--psm', '6', 'txt']
2024-12-20 09:50:34,465 [DEBUG] pytesseract.py:272 - ['tesseract', 'C:\\Users\\600126\\AppData\\Local\\Temp\\tess__qzlw4ya_input.PNG', 'C:\\Users\\600126\\AppData\\Local\\Temp\\tess__qzlw4ya', '-c', 'tessedit_create_tsv=1', '--oem', '3', '--psm', '6']
2024-12-20 09:50:34,885 [INFO] test8.py:407 - Detected 2 text regions
2024-12-20 09:50:35,096 [DEBUG] test8.py:443 - Frame preprocessing completed successfully
2024-12-20 09:50:35,112 [DEBUG] pytesseract.py:272 - ['tesseract', 'C:\\Users\\600126\\AppData\\Local\\Temp\\tess_5fejlw09_input.PNG', 'C:\\Users\\600126\\AppData\\Local\\Temp\\tess_5fejlw09', '--oem', '3', '--psm', '6', 'txt']
2024-12-20 09:50:35,586 [DEBUG] pytesseract.py:272 - ['tesseract', 'C:\\Users\\600126\\AppData\\Local\\Temp\\tess_fw8cysnh_input.PNG', 'C:\\Users\\600126\\AppData\\Local\\Temp\\tess_fw8cysnh', '-c', 'tessedit_create_tsv=1', '--oem', '3', '--psm', '6']
2024-12-20 09:50:36,035 [INFO] test8.py:407 - Detected 3 text regions
